[15/12/2025 21:09:55] [INFO] Nhan vien dang nhap: NV001 - Hoang Bao Nguyen
[15/12/2025 21:09:58] [INFO] Hien thi danh sach phim
[15/12/2025 21:09:58] [WARN] Khong co suat chieu nao cho ma phim P001
[15/12/2025 21:09:58] [WARN] Khong co suat chieu nao cho ma phim P003
[15/12/2025 21:09:58] [WARN] Khong co suat chieu nao cho ma phim P004
[15/12/2025 21:09:58] [WARN] Khong co suat chieu nao cho ma phim P005
[15/12/2025 21:09:58] [WARN] Khong co suat chieu nao cho ma phim P007
[15/12/2025 21:09:58] [WARN] Khong co suat chieu nao cho ma phim P008
[15/12/2025 21:09:58] [WARN] Khong co suat chieu nao cho ma phim P009
[15/12/2025 21:32:28] [INFO] Tao ID moi: KH004
[15/12/2025 21:32:28] [INFO] Dang ky tai khoan moi: KH004 - Nguyen Thi Huong
[15/12/2025 21:33:22] [INFO] Tao ID moi: KH005
[15/12/2025 21:33:22] [INFO] Dang ky tai khoan moi: KH005 - Nguyen Anh Duc
[15/12/2025 21:34:08] [INFO] Tao ID moi: KH006
[15/12/2025 21:34:08] [INFO] Dang ky tai khoan moi: KH006 - Trinh Nhan tam
[15/12/2025 21:35:00] [INFO] Tao ID moi: KH007
[15/12/2025 21:35:00] [INFO] Dang ky tai khoan moi: KH007 - Phan Tuan Tu
[15/12/2025 21:35:48] [INFO] Tao ID moi: KH008
[15/12/2025 21:35:48] [INFO] Dang ky tai khoan moi: KH008 - Vo Van Phi
[15/12/2025 21:36:44] [INFO] Tao ID moi: KH009
[15/12/2025 21:36:44] [INFO] Dang ky tai khoan moi: KH009 - Dinh Van Thanh
[15/12/2025 21:37:44] [INFO] Tao ID moi: KH010
[15/12/2025 21:37:44] [INFO] Dang ky tai khoan moi: KH010 - Do Thi Tuyet Hoa
[15/12/2025 21:37:56] [INFO] Nhan vien dang nhap: NV001 - Hoang Bao Nguyen
[15/12/2025 21:38:04] [INFO] Hien thi danh sach phim
[15/12/2025 21:38:04] [WARN] Tim suat chieu nhung danh sach rong
[15/12/2025 21:38:04] [WARN] Tim suat chieu nhung danh sach rong
[15/12/2025 21:38:04] [WARN] Tim suat chieu nhung danh sach rong
[15/12/2025 21:38:04] [WARN] Tim suat chieu nhung danh sach rong
[15/12/2025 21:38:04] [WARN] Tim suat chieu nhung danh sach rong
[15/12/2025 21:38:04] [WARN] Tim suat chieu nhung danh sach rong
[15/12/2025 21:38:04] [WARN] Tim suat chieu nhung danh sach rong
[15/12/2025 21:38:04] [WARN] Tim suat chieu nhung danh sach rong
[15/12/2025 21:38:04] [WARN] Tim suat chieu nhung danh sach rong
[15/12/2025 21:38:04] [WARN] Tim suat chieu nhung danh sach rong
[15/12/2025 21:38:04] [WARN] Tim suat chieu nhung danh sach rong
[15/12/2025 21:38:04] [WARN] Tim suat chieu nhung danh sach rong
[15/12/2025 21:41:04] [INFO] Nhan vien dang nhap: NV001 - Hoang Bao Nguyen
[15/12/2025 21:41:10] [INFO] Hien thi danh sach phim
[15/12/2025 21:41:10] [WARN] Tim suat chieu nhung danh sach rong
[15/12/2025 21:41:10] [WARN] Tim suat chieu nhung danh sach rong
[15/12/2025 21:41:10] [WARN] Tim suat chieu nhung danh sach rong
[15/12/2025 21:41:10] [WARN] Tim suat chieu nhung danh sach rong
[15/12/2025 21:41:10] [WARN] Tim suat chieu nhung danh sach rong
[15/12/2025 21:41:10] [WARN] Tim suat chieu nhung danh sach rong
[15/12/2025 21:41:10] [WARN] Tim suat chieu nhung danh sach rong
[15/12/2025 21:41:10] [WARN] Tim suat chieu nhung danh sach rong
[15/12/2025 21:41:10] [WARN] Tim suat chieu nhung danh sach rong
[15/12/2025 21:41:10] [WARN] Tim suat chieu nhung danh sach rong
[15/12/2025 21:41:10] [WARN] Tim suat chieu nhung danh sach rong
[15/12/2025 21:41:10] [WARN] Tim suat chieu nhung danh sach rong
[15/12/2025 21:45:46] [INFO] Nhan vien dang nhap: NV001 - Hoang Bao Nguyen
[15/12/2025 21:45:51] [INFO] Hien thi danh sach phim
[15/12/2025 21:45:51] [WARN] Tim suat chieu nhung danh sach rong
[15/12/2025 21:45:51] [WARN] Tim suat chieu nhung danh sach rong
[15/12/2025 21:45:51] [WARN] Tim suat chieu nhung danh sach rong
[15/12/2025 21:45:51] [WARN] Tim suat chieu nhung danh sach rong
[15/12/2025 21:45:51] [WARN] Tim suat chieu nhung danh sach rong
[15/12/2025 21:45:51] [WARN] Tim suat chieu nhung danh sach rong
[15/12/2025 21:45:51] [WARN] Tim suat chieu nhung danh sach rong
[15/12/2025 21:45:51] [WARN] Tim suat chieu nhung danh sach rong
[15/12/2025 21:45:51] [WARN] Tim suat chieu nhung danh sach rong
[15/12/2025 21:45:51] [WARN] Tim suat chieu nhung danh sach rong
[15/12/2025 21:45:51] [WARN] Tim suat chieu nhung danh sach rong
[15/12/2025 21:45:51] [WARN] Tim suat chieu nhung danh sach rong
[15/12/2025 21:46:25] [INFO] Hien thi danh sach phong
[15/12/2025 21:46:29] [INFO] Da them suat chieu SC001 cho phim P001 vao ngay 16-12-2025 luc 08:00 tai phong PH001.
[15/12/2025 21:46:31] [INFO] Hien thi danh sach phim
[15/12/2025 21:46:31] [WARN] Khong co suat chieu nao cho ma phim P002
[15/12/2025 21:46:31] [WARN] Khong co suat chieu nao cho ma phim P003
[15/12/2025 21:46:31] [WARN] Khong co suat chieu nao cho ma phim P004
[15/12/2025 21:46:31] [WARN] Khong co suat chieu nao cho ma phim P005
[15/12/2025 21:46:31] [WARN] Khong co suat chieu nao cho ma phim P006
[15/12/2025 21:46:31] [WARN] Khong co suat chieu nao cho ma phim P007
[15/12/2025 21:46:31] [WARN] Khong co suat chieu nao cho ma phim P008
[15/12/2025 21:46:31] [WARN] Khong co suat chieu nao cho ma phim P009
[15/12/2025 21:46:31] [WARN] Khong co suat chieu nao cho ma phim P010
[15/12/2025 21:46:31] [WARN] Khong co suat chieu nao cho ma phim P011
[15/12/2025 21:46:31] [WARN] Khong co suat chieu nao cho ma phim P012
[15/12/2025 21:46:31] [INFO] Hien thi danh sach suat chieu hien tai
[15/12/2025 21:46:56] [INFO] Hien thi danh sach phong
[15/12/2025 21:47:07] [INFO] Da them suat chieu SC002 cho phim P002 vao ngay 16-12-2025 luc 14:00 tai phong PH002.
[15/12/2025 21:47:09] [INFO] Hien thi danh sach phim
[15/12/2025 21:47:09] [WARN] Khong co suat chieu nao cho ma phim P003
[15/12/2025 21:47:09] [WARN] Khong co suat chieu nao cho ma phim P004
[15/12/2025 21:47:09] [WARN] Khong co suat chieu nao cho ma phim P005
[15/12/2025 21:47:09] [WARN] Khong co suat chieu nao cho ma phim P006
[15/12/2025 21:47:09] [WARN] Khong co suat chieu nao cho ma phim P007
[15/12/2025 21:47:09] [WARN] Khong co suat chieu nao cho ma phim P008
[15/12/2025 21:47:09] [WARN] Khong co suat chieu nao cho ma phim P009
[15/12/2025 21:47:09] [WARN] Khong co suat chieu nao cho ma phim P010
[15/12/2025 21:47:09] [WARN] Khong co suat chieu nao cho ma phim P011
[15/12/2025 21:47:09] [WARN] Khong co suat chieu nao cho ma phim P012
[15/12/2025 21:47:09] [INFO] Hien thi danh sach suat chieu hien tai
[15/12/2025 21:47:25] [INFO] Hien thi danh sach phong
[15/12/2025 21:47:28] [INFO] Da them suat chieu SC003 cho phim P003 vao ngay 16-12-2025\ luc 19:00 tai phong PH001.
[15/12/2025 21:47:33] [INFO] Hien thi danh sach phim
[15/12/2025 21:47:33] [WARN] Khong co suat chieu nao cho ma phim P004
[15/12/2025 21:47:33] [WARN] Khong co suat chieu nao cho ma phim P005
[15/12/2025 21:47:33] [WARN] Khong co suat chieu nao cho ma phim P006
[15/12/2025 21:47:33] [WARN] Khong co suat chieu nao cho ma phim P007
[15/12/2025 21:47:33] [WARN] Khong co suat chieu nao cho ma phim P008
[15/12/2025 21:47:33] [WARN] Khong co suat chieu nao cho ma phim P009
[15/12/2025 21:47:33] [WARN] Khong co suat chieu nao cho ma phim P010
[15/12/2025 21:47:33] [WARN] Khong co suat chieu nao cho ma phim P011
[15/12/2025 21:47:33] [WARN] Khong co suat chieu nao cho ma phim P012
[15/12/2025 21:47:33] [INFO] Hien thi danh sach suat chieu hien tai
[15/12/2025 21:47:45] [INFO] Hien thi danh sach phong
[15/12/2025 21:47:48] [INFO] Da them suat chieu SC004 cho phim P004 vao ngay 17-12-2025 luc 08:00 tai phong PH001.
[15/12/2025 21:47:50] [INFO] Hien thi danh sach phim
[15/12/2025 21:47:50] [WARN] Khong co suat chieu nao cho ma phim P005
[15/12/2025 21:47:50] [WARN] Khong co suat chieu nao cho ma phim P006
[15/12/2025 21:47:50] [WARN] Khong co suat chieu nao cho ma phim P007
[15/12/2025 21:47:50] [WARN] Khong co suat chieu nao cho ma phim P008
[15/12/2025 21:47:50] [WARN] Khong co suat chieu nao cho ma phim P009
[15/12/2025 21:47:50] [WARN] Khong co suat chieu nao cho ma phim P010
[15/12/2025 21:47:50] [WARN] Khong co suat chieu nao cho ma phim P011
[15/12/2025 21:47:50] [WARN] Khong co suat chieu nao cho ma phim P012
[15/12/2025 21:47:50] [INFO] Hien thi danh sach suat chieu hien tai
[15/12/2025 21:48:17] [INFO] Nhan vien dang nhap: NV001 - Hoang Bao Nguyen
[15/12/2025 21:48:20] [INFO] Hien thi danh sach phim
[15/12/2025 21:48:20] [WARN] Khong co suat chieu nao cho ma phim P005
[15/12/2025 21:48:20] [WARN] Khong co suat chieu nao cho ma phim P006
[15/12/2025 21:48:20] [WARN] Khong co suat chieu nao cho ma phim P007
[15/12/2025 21:48:20] [WARN] Khong co suat chieu nao cho ma phim P008
[15/12/2025 21:48:20] [WARN] Khong co suat chieu nao cho ma phim P009
[15/12/2025 21:48:20] [WARN] Khong co suat chieu nao cho ma phim P010
[15/12/2025 21:48:20] [WARN] Khong co suat chieu nao cho ma phim P011
[15/12/2025 21:48:20] [WARN] Khong co suat chieu nao cho ma phim P012
[15/12/2025 21:48:20] [INFO] Hien thi danh sach suat chieu hien tai
[15/12/2025 21:48:38] [INFO] Hien thi danh sach phong
[15/12/2025 21:48:40] [INFO] Da them suat chieu SC005 cho phim P005 vao ngay 16-12-2025 luc 14:00 tai phong PH001.
[15/12/2025 21:48:43] [INFO] Hien thi danh sach phim
[15/12/2025 21:48:43] [WARN] Khong co suat chieu nao cho ma phim P006
[15/12/2025 21:48:43] [WARN] Khong co suat chieu nao cho ma phim P007
[15/12/2025 21:48:43] [WARN] Khong co suat chieu nao cho ma phim P008
[15/12/2025 21:48:43] [WARN] Khong co suat chieu nao cho ma phim P009
[15/12/2025 21:48:43] [WARN] Khong co suat chieu nao cho ma phim P010
[15/12/2025 21:48:43] [WARN] Khong co suat chieu nao cho ma phim P011
[15/12/2025 21:48:43] [WARN] Khong co suat chieu nao cho ma phim P012
[15/12/2025 21:48:43] [INFO] Hien thi danh sach suat chieu hien tai
[15/12/2025 21:49:04] [INFO] Hien thi danh sach phong
[15/12/2025 21:49:08] [INFO] Da them suat chieu SC006 cho phim P006 vao ngay 17-12-2025 luc 19:00 tai phong PH003.
[15/12/2025 21:49:09] [INFO] Hien thi danh sach phim
[15/12/2025 21:49:09] [WARN] Khong co suat chieu nao cho ma phim P007
[15/12/2025 21:49:09] [WARN] Khong co suat chieu nao cho ma phim P008
[15/12/2025 21:49:09] [WARN] Khong co suat chieu nao cho ma phim P009
[15/12/2025 21:49:09] [WARN] Khong co suat chieu nao cho ma phim P010
[15/12/2025 21:49:09] [WARN] Khong co suat chieu nao cho ma phim P011
[15/12/2025 21:49:09] [WARN] Khong co suat chieu nao cho ma phim P012
[15/12/2025 21:49:09] [INFO] Hien thi danh sach suat chieu hien tai
[15/12/2025 21:49:23] [INFO] Hien thi danh sach phong
[15/12/2025 21:49:26] [INFO] Da them suat chieu SC007 cho phim P007 vao ngay 18-12-2025 luc 08:00 tai phong PH001.
[15/12/2025 21:49:27] [INFO] Hien thi danh sach phim
[15/12/2025 21:49:27] [WARN] Khong co suat chieu nao cho ma phim P008
[15/12/2025 21:49:27] [WARN] Khong co suat chieu nao cho ma phim P009
[15/12/2025 21:49:28] [WARN] Khong co suat chieu nao cho ma phim P010
[15/12/2025 21:49:28] [WARN] Khong co suat chieu nao cho ma phim P011
[15/12/2025 21:49:28] [WARN] Khong co suat chieu nao cho ma phim P012
[15/12/2025 21:49:28] [INFO] Hien thi danh sach suat chieu hien tai
[15/12/2025 21:49:43] [INFO] Hien thi danh sach phong
[15/12/2025 21:49:46] [INFO] Da them suat chieu SC008 cho phim P008 vao ngay 18-12-2025 luc 14:00 tai phong PH002.
[15/12/2025 21:49:48] [INFO] Hien thi danh sach phim
[15/12/2025 21:49:48] [WARN] Khong co suat chieu nao cho ma phim P009
[15/12/2025 21:49:48] [WARN] Khong co suat chieu nao cho ma phim P010
[15/12/2025 21:49:48] [WARN] Khong co suat chieu nao cho ma phim P011
[15/12/2025 21:49:48] [WARN] Khong co suat chieu nao cho ma phim P012
[15/12/2025 21:49:48] [INFO] Hien thi danh sach suat chieu hien tai
[15/12/2025 21:50:00] [INFO] Hien thi danh sach phong
[15/12/2025 21:50:06] [INFO] Da them suat chieu SC009 cho phim P009 vao ngay 18-12-2025 luc 08:00 tai phong PH002.
[15/12/2025 21:50:07] [INFO] Hien thi danh sach phim
[15/12/2025 21:50:07] [WARN] Khong co suat chieu nao cho ma phim P010
[15/12/2025 21:50:07] [WARN] Khong co suat chieu nao cho ma phim P011
[15/12/2025 21:50:07] [WARN] Khong co suat chieu nao cho ma phim P012
[15/12/2025 21:50:07] [INFO] Hien thi danh sach suat chieu hien tai
[15/12/2025 21:50:55] [INFO] Hien thi danh sach phong
[15/12/2025 21:51:00] [INFO] Da them suat chieu SC010 cho phim P009 vao ngay 19-12-2025 luc 19:00 tai phong PH003.
[15/12/2025 21:51:02] [INFO] Hien thi danh sach phim
[15/12/2025 21:51:02] [WARN] Khong co suat chieu nao cho ma phim P010
[15/12/2025 21:51:02] [WARN] Khong co suat chieu nao cho ma phim P011
[15/12/2025 21:51:02] [WARN] Khong co suat chieu nao cho ma phim P012
[15/12/2025 21:51:02] [INFO] Hien thi danh sach suat chieu hien tai
[15/12/2025 21:51:13] [INFO] Hien thi danh sach phong
[15/12/2025 21:51:17] [INFO] Da them suat chieu SC011 cho phim P010 vao ngay 20-12-2025 luc 08:00 tai phong PH002.
[15/12/2025 21:51:18] [INFO] Hien thi danh sach phim
[15/12/2025 21:51:18] [WARN] Khong co suat chieu nao cho ma phim P011
[15/12/2025 21:51:18] [WARN] Khong co suat chieu nao cho ma phim P012
[15/12/2025 21:51:18] [INFO] Hien thi danh sach suat chieu hien tai
[15/12/2025 21:51:33] [INFO] Hien thi danh sach phong
[15/12/2025 21:51:41] [INFO] Da them suat chieu SC012 cho phim P011 vao ngay 20-12-2025 luc 19:00 tai phong PH002.
[15/12/2025 21:51:43] [INFO] Hien thi danh sach phim
[15/12/2025 21:51:43] [WARN] Khong co suat chieu nao cho ma phim P012
[15/12/2025 21:51:43] [INFO] Hien thi danh sach suat chieu hien tai
[15/12/2025 21:51:56] [INFO] Hien thi danh sach phong
[15/12/2025 21:51:58] [INFO] Da them suat chieu SC013 cho phim P012 vao ngay 24-12-2025 luc 08:00 tai phong PH001.
[15/12/2025 21:52:00] [INFO] Hien thi danh sach phim
[15/12/2025 21:52:00] [INFO] Hien thi danh sach suat chieu hien tai
[15/12/2025 21:52:18] [INFO] Hien thi danh sach phong
[15/12/2025 21:52:20] [INFO] Da them suat chieu SC014 cho phim P011 vao ngay 21-12-2025 luc 14:00 tai phong PH001.
[15/12/2025 21:52:31] [INFO] Khach hang dang nhap: KH001 - Nguyen Xuan Ngoc Tran
[15/12/2025 21:52:33] [INFO] Hien thi danh sach phim
[15/12/2025 21:52:40] [INFO] Tim thay suat chieu SC012 cua phim P011
[15/12/2025 21:52:40] [INFO] Tim thay suat chieu SC014 cua phim P011
[15/12/2025 21:52:45] [INFO] Khach KH001 da dat 1 ghe (A-1) cho phim P011 tai suat SC012.
[15/12/2025 21:54:22] [INFO] Khach hang dang nhap: KH008 - Vo Van Phi
[15/12/2025 21:54:24] [INFO] Hien thi danh sach phim
[15/12/2025 21:54:27] [INFO] Tim thay suat chieu SC009 cua phim P009
[15/12/2025 21:54:27] [INFO] Tim thay suat chieu SC010 cua phim P009
[15/12/2025 21:54:38] [INFO] Khach KH008 da dat 2 ghe (C-1,C-2) cho phim P009 tai suat SC010.
[15/12/2025 21:55:02] [INFO] Khach hang dang nhap: KH003 - Ngoc Khue
[15/12/2025 21:55:14] [INFO] Hien thi danh sach phim
[15/12/2025 21:55:14] [INFO] Hien thi danh sach suat chieu hien tai
[15/12/2025 21:56:02] [INFO] Hien thi danh sach phim
[15/12/2025 21:56:11] [INFO] Tim thay suat chieu SC012 cua phim P011
[15/12/2025 21:56:12] [INFO] Tim thay suat chieu SC014 cua phim P011
[15/12/2025 21:56:23] [INFO] Khach KH003 da dat 1 ghe (D-5) cho phim P011 tai suat SC014.
[15/12/2025 21:56:40] [INFO] Khach hang dang nhap: KH007 - Phan Tuan Tu
[15/12/2025 21:56:53] [INFO] Hien thi danh sach phim
[15/12/2025 21:57:02] [INFO] Tim thay suat chieu SC008 cua phim P008
[15/12/2025 21:57:10] [INFO] Khach KH007 da dat 1 ghe (E-6) cho phim P008 tai suat SC008.
[15/12/2025 21:57:23] [INFO] Khach hang dang nhap: KH006 - Trinh Nhan tam
[15/12/2025 21:59:16] [INFO] Khach hang dang nhap: KH006 - Trinh Nhan tam
[15/12/2025 21:59:42] [INFO] Hien thi danh sach phim
[15/12/2025 21:59:47] [INFO] Tim thay suat chieu SC004 cua phim P004
[15/12/2025 21:59:54] [INFO] Khach KH006 da dat 2 ghe (E-5,E-6) cho phim P004 tai suat SC004.
[15/12/2025 22:00:09] [INFO] Khach hang dang nhap: KH004 - Nguyen Thi Huong
[15/12/2025 22:00:11] [INFO] Hien thi danh sach phim
[15/12/2025 22:00:16] [INFO] Tim thay suat chieu SC002 cua phim P002
[15/12/2025 22:00:24] [INFO] Khach KH004 da dat 2 ghe (D-4,D-5) cho phim P002 tai suat SC002.
[15/12/2025 22:00:49] [INFO] Khach hang dang nhap: KH009 - Dinh Van Thanh
[15/12/2025 22:00:50] [INFO] Hien thi danh sach phim
[15/12/2025 22:00:54] [INFO] Tim thay suat chieu SC011 cua phim P010
[15/12/2025 22:01:11] [INFO] Khach hang dang nhap: KH009 - Dinh Van Thanh
[15/12/2025 22:01:13] [INFO] Hien thi danh sach phim
[15/12/2025 22:01:15] [INFO] Tim thay suat chieu SC011 cua phim P010
[15/12/2025 22:01:25] [INFO] Khach hang dang nhap: KH009 - Dinh Van Thanh
[15/12/2025 22:01:26] [INFO] Hien thi danh sach phim
[15/12/2025 22:01:32] [INFO] Tim thay suat chieu SC011 cua phim P010
[15/12/2025 22:01:39] [INFO] Khach KH009 da dat 1 ghe (C-4) cho phim P010 tai suat SC011.
[15/12/2025 22:01:54] [INFO] Khach hang dang nhap: KH010 - Do Thi Tuyet Hoa
[15/12/2025 22:02:00] [INFO] Hien thi danh sach phim
[15/12/2025 22:02:02] [INFO] Tim thay suat chieu SC013 cua phim P012
[15/12/2025 22:02:11] [INFO] Khach KH010 da dat 1 ghe (E-10) cho phim P012 tai suat SC013.
[15/12/2025 22:02:21] [INFO] Khach hang dang nhap: KH002 - Hoang Bao Nguyen
[15/12/2025 22:02:23] [INFO] Hien thi danh sach phim
[15/12/2025 22:02:25] [INFO] Tim thay suat chieu SC013 cua phim P012
[15/12/2025 22:02:31] [INFO] Khach KH002 da dat 1 ghe (B-5) cho phim P012 tai suat SC013.
[15/12/2025 22:02:38] [INFO] Nhan vien dang nhap: NV001 - Hoang Bao Nguyen
[15/12/2025 22:11:15] [INFO] Nhan vien dang nhap: NV001 - Hoang Bao Nguyen
[15/12/2025 22:15:34] [INFO] Nhan vien dang nhap: NV001 - Hoang Bao Nguyen
[15/12/2025 22:16:17] [INFO] Nhan vien dang nhap: NV001 - Hoang Bao Nguyen
[15/12/2025 22:16:48] [INFO] Hien thi danh sach phim
[15/12/2025 22:16:50] [WARN] Khong the xoa phim vi van con suat chieu, ma phim: P012
[15/12/2025 22:17:05] [INFO] Khach hang dang nhap: KH001 - Nguyen Xuan Ngoc Tran
[15/12/2025 22:17:09] [WARN] Du lieu thang nay chua duoc cap nhat.
[15/12/2025 22:45:07] [INFO] Khach hang dang nhap: KH001 - Nguyen Xuan Ngoc Tran
[15/12/2025 22:45:10] [INFO] Hien thi danh sach phim
[15/12/2025 22:45:13] [INFO] Tim thay suat chieu SC013 cua phim P012
[15/12/2025 22:45:33] [INFO] Nhan vien dang nhap: NV001 - Hoang Bao Nguyen
[15/12/2025 22:45:39] [INFO] Khach hang dang nhap: KH001 - Nguyen Xuan Ngoc Tran
[15/12/2025 22:45:41] [INFO] Hien thi danh sach phim
[15/12/2025 22:45:43] [INFO] Tim thay suat chieu SC043 cua phim P012
[15/12/2025 22:45:52] [INFO] Khach KH001 da dat 1 ghe (A-5) cho phim P012 tai suat SC043.
[15/12/2025 22:45:57] [WARN] Du lieu thang nay chua duoc cap nhat.
[15/12/2025 22:47:01] [INFO] Phim dat nhieu nhat thang 12 la PBL2 voi 3 ve.
[15/12/2025 22:47:07] [INFO] Hien thi danh sach phim
[15/12/2025 22:59:46] [WARN] Khong tim thay phim: MV001
[15/12/2025 22:59:46] [WARN] Khong tim thay Film MV001 hoac Room PH001 khi doc suat chieu SC001.
[15/12/2025 22:59:46] [WARN] Khong tim thay phim: MV002
[15/12/2025 22:59:46] [WARN] Khong tim thay Film MV002 hoac Room PH002 khi doc suat chieu SC002.
[15/12/2025 22:59:46] [WARN] Khong tim thay phim: MV003
[15/12/2025 22:59:46] [WARN] Khong tim thay Film MV003 hoac Room PH001 khi doc suat chieu SC003.
[15/12/2025 22:59:46] [WARN] Khong tim thay phim: MV004
[15/12/2025 22:59:46] [WARN] Khong tim thay Film MV004 hoac Room PH003 khi doc suat chieu SC004.
[15/12/2025 22:59:46] [WARN] Khong tim thay phim: MV005
[15/12/2025 22:59:46] [WARN] Khong tim thay Film MV005 hoac Room PH002 khi doc suat chieu SC005.
[15/12/2025 22:59:46] [WARN] Khong tim thay phim: MV006
[15/12/2025 22:59:46] [WARN] Khong tim thay Film MV006 hoac Room PH001 khi doc suat chieu SC006.
[15/12/2025 22:59:46] [WARN] Khong tim thay phim: MV007
[15/12/2025 22:59:46] [WARN] Khong tim thay Film MV007 hoac Room PH003 khi doc suat chieu SC007.
[15/12/2025 22:59:46] [WARN] Khong tim thay phim: MV008
[15/12/2025 22:59:46] [WARN] Khong tim thay Film MV008 hoac Room PH002 khi doc suat chieu SC008.
[15/12/2025 22:59:46] [WARN] Khong tim thay phim: MV009
[15/12/2025 22:59:46] [WARN] Khong tim thay Film MV009 hoac Room PH001 khi doc suat chieu SC009.
[15/12/2025 22:59:46] [WARN] Khong tim thay phim: MV010
[15/12/2025 22:59:46] [WARN] Khong tim thay Film MV010 hoac Room PH001 khi doc suat chieu SC010.
[15/12/2025 22:59:46] [WARN] Khong tim thay phim: MV011
[15/12/2025 22:59:46] [WARN] Khong tim thay Film MV011 hoac Room PH003 khi doc suat chieu SC011.
[15/12/2025 22:59:46] [WARN] Khong tim thay phim: MV012
[15/12/2025 22:59:46] [WARN] Khong tim thay Film MV012 hoac Room PH002 khi doc suat chieu SC012.
[15/12/2025 22:59:46] [WARN] Khong tim thay phim: MV013
[15/12/2025 22:59:46] [WARN] Khong tim thay Film MV013 hoac Room PH001 khi doc suat chieu SC013.
[15/12/2025 22:59:46] [WARN] Khong tim thay phim: MV014
[15/12/2025 22:59:46] [WARN] Khong tim thay Film MV014 hoac Room PH003 khi doc suat chieu SC014.
[15/12/2025 22:59:46] [WARN] Khong tim thay phim: MV015
[15/12/2025 22:59:46] [WARN] Khong tim thay Film MV015 hoac Room PH002 khi doc suat chieu SC015.
[15/12/2025 22:59:46] [WARN] Khong tim thay phim: MV016
[15/12/2025 22:59:46] [WARN] Khong tim thay Film MV016 hoac Room PH001 khi doc suat chieu SC016.
[15/12/2025 22:59:46] [WARN] Khong tim thay phim: MV017
[15/12/2025 22:59:46] [WARN] Khong tim thay Film MV017 hoac Room PH002 khi doc suat chieu SC017.
[15/12/2025 22:59:46] [WARN] Khong tim thay phim: MV018
[15/12/2025 22:59:46] [WARN] Khong tim thay Film MV018 hoac Room PH003 khi doc suat chieu SC018.
[15/12/2025 22:59:46] [WARN] Khong tim thay phim: MV019
[15/12/2025 22:59:46] [WARN] Khong tim thay Film MV019 hoac Room PH002 khi doc suat chieu SC019.
[15/12/2025 22:59:46] [WARN] Khong tim thay phim: MV020
[15/12/2025 22:59:46] [WARN] Khong tim thay Film MV020 hoac Room PH003 khi doc suat chieu SC020.
[15/12/2025 22:59:46] [WARN] Khong tim thay phim: MV021
[15/12/2025 22:59:46] [WARN] Khong tim thay Film MV021 hoac Room PH001 khi doc suat chieu SC021.
[15/12/2025 22:59:46] [WARN] Khong tim thay phim: MV022
[15/12/2025 22:59:46] [WARN] Khong tim thay Film MV022 hoac Room PH002 khi doc suat chieu SC022.
[15/12/2025 22:59:46] [WARN] Khong tim thay phim: MV023
[15/12/2025 22:59:46] [WARN] Khong tim thay Film MV023 hoac Room PH003 khi doc suat chieu SC023.
[15/12/2025 22:59:46] [WARN] Khong tim thay phim: MV024
[15/12/2025 22:59:46] [WARN] Khong tim thay Film MV024 hoac Room PH001 khi doc suat chieu SC024.
[15/12/2025 22:59:46] [WARN] Khong tim thay phim: MV025
[15/12/2025 22:59:46] [WARN] Khong tim thay Film MV025 hoac Room PH002 khi doc suat chieu SC025.
[15/12/2025 22:59:46] [WARN] Khong tim thay phim: MV026
[15/12/2025 22:59:46] [WARN] Khong tim thay Film MV026 hoac Room PH003 khi doc suat chieu SC026.
[15/12/2025 22:59:46] [WARN] Khong tim thay phim: MV027
[15/12/2025 22:59:46] [WARN] Khong tim thay Film MV027 hoac Room PH002 khi doc suat chieu SC027.
[15/12/2025 22:59:46] [WARN] Khong tim thay phim: MV028
[15/12/2025 22:59:46] [WARN] Khong tim thay Film MV028 hoac Room PH001 khi doc suat chieu SC028.
[15/12/2025 22:59:46] [WARN] Khong tim thay phim: MV029
[15/12/2025 22:59:46] [WARN] Khong tim thay Film MV029 hoac Room PH002 khi doc suat chieu SC029.
[15/12/2025 22:59:46] [WARN] Khong tim thay phim: MV030
[15/12/2025 22:59:46] [WARN] Khong tim thay Film MV030 hoac Room PH003 khi doc suat chieu SC030.
[15/12/2025 22:59:51] [INFO] Khach hang dang nhap: KH001 - Nguyen Xuan Ngoc Tran
[15/12/2025 22:59:54] [WARN] Du lieu thang nay chua duoc cap nhat.
[15/12/2025 23:04:00] [WARN] Khong tim thay phim: MV001
[15/12/2025 23:04:00] [WARN] Khong tim thay Film MV001 hoac Room PH001 khi doc suat chieu SC001.
[15/12/2025 23:04:00] [WARN] Khong tim thay phim: MV002
[15/12/2025 23:04:00] [WARN] Khong tim thay Film MV002 hoac Room PH002 khi doc suat chieu SC002.
[15/12/2025 23:04:00] [WARN] Khong tim thay phim: MV003
[15/12/2025 23:04:00] [WARN] Khong tim thay Film MV003 hoac Room PH001 khi doc suat chieu SC003.
[15/12/2025 23:04:00] [WARN] Khong tim thay phim: MV004
[15/12/2025 23:04:00] [WARN] Khong tim thay Film MV004 hoac Room PH003 khi doc suat chieu SC004.
[15/12/2025 23:04:00] [WARN] Khong tim thay phim: MV005
[15/12/2025 23:04:00] [WARN] Khong tim thay Film MV005 hoac Room PH002 khi doc suat chieu SC005.
[15/12/2025 23:04:00] [WARN] Khong tim thay phim: MV006
[15/12/2025 23:04:00] [WARN] Khong tim thay Film MV006 hoac Room PH001 khi doc suat chieu SC006.
[15/12/2025 23:04:00] [WARN] Khong tim thay phim: MV007
[15/12/2025 23:04:00] [WARN] Khong tim thay Film MV007 hoac Room PH003 khi doc suat chieu SC007.
[15/12/2025 23:04:00] [WARN] Khong tim thay phim: MV008
[15/12/2025 23:04:00] [WARN] Khong tim thay Film MV008 hoac Room PH002 khi doc suat chieu SC008.
[15/12/2025 23:04:00] [WARN] Khong tim thay phim: MV009
[15/12/2025 23:04:00] [WARN] Khong tim thay Film MV009 hoac Room PH001 khi doc suat chieu SC009.
[15/12/2025 23:04:00] [WARN] Khong tim thay phim: MV010
[15/12/2025 23:04:00] [WARN] Khong tim thay Film MV010 hoac Room PH001 khi doc suat chieu SC010.
[15/12/2025 23:04:00] [WARN] Khong tim thay phim: MV011
[15/12/2025 23:04:00] [WARN] Khong tim thay Film MV011 hoac Room PH003 khi doc suat chieu SC011.
[15/12/2025 23:04:00] [WARN] Khong tim thay phim: MV012
[15/12/2025 23:04:00] [WARN] Khong tim thay Film MV012 hoac Room PH002 khi doc suat chieu SC012.
[15/12/2025 23:04:00] [WARN] Khong tim thay phim: MV013
[15/12/2025 23:04:00] [WARN] Khong tim thay Film MV013 hoac Room PH001 khi doc suat chieu SC013.
[15/12/2025 23:04:00] [WARN] Khong tim thay phim: MV014
[15/12/2025 23:04:00] [WARN] Khong tim thay Film MV014 hoac Room PH003 khi doc suat chieu SC014.
[15/12/2025 23:04:00] [WARN] Khong tim thay phim: MV015
[15/12/2025 23:04:00] [WARN] Khong tim thay Film MV015 hoac Room PH002 khi doc suat chieu SC015.
[15/12/2025 23:04:00] [WARN] Khong tim thay phim: MV016
[15/12/2025 23:04:00] [WARN] Khong tim thay Film MV016 hoac Room PH001 khi doc suat chieu SC016.
[15/12/2025 23:04:00] [WARN] Khong tim thay phim: MV017
[15/12/2025 23:04:00] [WARN] Khong tim thay Film MV017 hoac Room PH002 khi doc suat chieu SC017.
[15/12/2025 23:04:00] [WARN] Khong tim thay phim: MV018
[15/12/2025 23:04:00] [WARN] Khong tim thay Film MV018 hoac Room PH003 khi doc suat chieu SC018.
[15/12/2025 23:04:00] [WARN] Khong tim thay phim: MV019
[15/12/2025 23:04:00] [WARN] Khong tim thay Film MV019 hoac Room PH002 khi doc suat chieu SC019.
[15/12/2025 23:04:00] [WARN] Khong tim thay phim: MV020
[15/12/2025 23:04:00] [WARN] Khong tim thay Film MV020 hoac Room PH003 khi doc suat chieu SC020.
[15/12/2025 23:04:00] [WARN] Khong tim thay phim: MV021
[15/12/2025 23:04:00] [WARN] Khong tim thay Film MV021 hoac Room PH001 khi doc suat chieu SC021.
[15/12/2025 23:04:00] [WARN] Khong tim thay phim: MV022
[15/12/2025 23:04:00] [WARN] Khong tim thay Film MV022 hoac Room PH002 khi doc suat chieu SC022.
[15/12/2025 23:04:00] [WARN] Khong tim thay phim: MV023
[15/12/2025 23:04:00] [WARN] Khong tim thay Film MV023 hoac Room PH003 khi doc suat chieu SC023.
[15/12/2025 23:04:00] [WARN] Khong tim thay phim: MV024
[15/12/2025 23:04:00] [WARN] Khong tim thay Film MV024 hoac Room PH001 khi doc suat chieu SC024.
[15/12/2025 23:04:00] [WARN] Khong tim thay phim: MV025
[15/12/2025 23:04:00] [WARN] Khong tim thay Film MV025 hoac Room PH002 khi doc suat chieu SC025.
[15/12/2025 23:04:00] [WARN] Khong tim thay phim: MV026
[15/12/2025 23:04:00] [WARN] Khong tim thay Film MV026 hoac Room PH003 khi doc suat chieu SC026.
[15/12/2025 23:04:00] [WARN] Khong tim thay phim: MV027
[15/12/2025 23:04:00] [WARN] Khong tim thay Film MV027 hoac Room PH002 khi doc suat chieu SC027.
[15/12/2025 23:04:00] [WARN] Khong tim thay phim: MV028
[15/12/2025 23:04:00] [WARN] Khong tim thay Film MV028 hoac Room PH001 khi doc suat chieu SC028.
[15/12/2025 23:04:00] [WARN] Khong tim thay phim: MV029
[15/12/2025 23:04:00] [WARN] Khong tim thay Film MV029 hoac Room PH002 khi doc suat chieu SC029.
[15/12/2025 23:04:00] [WARN] Khong tim thay phim: MV030
[15/12/2025 23:04:00] [WARN] Khong tim thay Film MV030 hoac Room PH003 khi doc suat chieu SC030.
[15/12/2025 23:04:00] [WARN] Khong tim thay phim: PH001
[15/12/2025 23:04:00] [ERROR] Khong tim thay phong chieu 08:00
[15/12/2025 23:04:00] [WARN] Khong tim thay phim: PH002
[15/12/2025 23:04:00] [ERROR] Khong tim thay phong chieu 14:00
[15/12/2025 23:04:00] [WARN] Khong tim thay phim: PH001
[15/12/2025 23:04:00] [ERROR] Khong tim thay phong chieu 14:00
[15/12/2025 23:04:00] [WARN] Khong tim thay phim: PH003
[15/12/2025 23:04:00] [ERROR] Khong tim thay phong chieu 14:00
[15/12/2025 23:04:00] [WARN] Khong tim thay phim: PH002
[15/12/2025 23:04:00] [ERROR] Khong tim thay phong chieu 19:00
[15/12/2025 23:04:00] [WARN] Khong tim thay phim: PH001
[15/12/2025 23:04:00] [ERROR] Khong tim thay phong chieu 19:00
[15/12/2025 23:04:00] [WARN] Khong tim thay phim: PH003
[15/12/2025 23:04:00] [ERROR] Khong tim thay phong chieu 19:00
[15/12/2025 23:04:00] [WARN] Khong tim thay phim: PH002
[15/12/2025 23:04:00] [ERROR] Khong tim thay phong chieu 08:00
[15/12/2025 23:04:00] [WARN] Khong tim thay phim: PH001
[15/12/2025 23:04:00] [ERROR] Khong tim thay phong chieu 14:00
[15/12/2025 23:04:00] [WARN] Khong tim thay phim: PH001
[15/12/2025 23:04:00] [ERROR] Khong tim thay phong chieu 19:00
[15/12/2025 23:04:00] [WARN] Khong tim thay phim: PH003
[15/12/2025 23:04:00] [ERROR] Khong tim thay phong chieu 08:00
[15/12/2025 23:04:00] [WARN] Khong tim thay phim: PH002
[15/12/2025 23:04:00] [ERROR] Khong tim thay phong chieu 14:00
[15/12/2025 23:04:00] [WARN] Khong tim thay phim: PH001
[15/12/2025 23:04:00] [ERROR] Khong tim thay phong chieu 19:00
[15/12/2025 23:04:00] [WARN] Khong tim thay phim: PH003
[15/12/2025 23:04:00] [ERROR] Khong tim thay phong chieu 14:00
[15/12/2025 23:04:00] [WARN] Khong tim thay phim: PH002
[15/12/2025 23:04:00] [ERROR] Khong tim thay phong chieu 19:00
[15/12/2025 23:04:00] [WARN] Khong tim thay phim: PH001
[15/12/2025 23:04:00] [ERROR] Khong tim thay phong chieu 19:00
[15/12/2025 23:04:00] [WARN] Khong tim thay phim: PH002
[15/12/2025 23:04:00] [ERROR] Khong tim thay phong chieu 19:00
[15/12/2025 23:04:00] [WARN] Khong tim thay phim: PH003
[15/12/2025 23:04:00] [ERROR] Khong tim thay phong chieu 14:00
[15/12/2025 23:04:00] [WARN] Khong tim thay phim: PH002
[15/12/2025 23:04:00] [ERROR] Khong tim thay phong chieu 08:00
[15/12/2025 23:04:00] [WARN] Khong tim thay phim: PH003
[15/12/2025 23:04:00] [ERROR] Khong tim thay phong chieu 19:00
[15/12/2025 23:04:00] [WARN] Khong tim thay phim: PH001
[15/12/2025 23:04:00] [ERROR] Khong tim thay phong chieu 08:00
[15/12/2025 23:04:00] [WARN] Khong tim thay phim: PH002
[15/12/2025 23:04:00] [ERROR] Khong tim thay phong chieu 14:00
[15/12/2025 23:04:00] [WARN] Khong tim thay phim: PH003
[15/12/2025 23:04:00] [ERROR] Khong tim thay phong chieu 19:00
[15/12/2025 23:04:00] [WARN] Khong tim thay phim: PH001
[15/12/2025 23:04:00] [ERROR] Khong tim thay phong chieu 19:00
[15/12/2025 23:04:00] [WARN] Khong tim thay phim: PH002
[15/12/2025 23:04:00] [ERROR] Khong tim thay phong chieu 19:00
[15/12/2025 23:04:00] [WARN] Khong tim thay phim: PH003
[15/12/2025 23:04:00] [ERROR] Khong tim thay phong chieu 08:00
[15/12/2025 23:04:00] [WARN] Khong tim thay phim: PH002
[15/12/2025 23:04:00] [ERROR] Khong tim thay phong chieu 14:00
[15/12/2025 23:04:00] [WARN] Khong tim thay phim: PH001
[15/12/2025 23:04:00] [ERROR] Khong tim thay phong chieu 14:00
[15/12/2025 23:04:00] [WARN] Khong tim thay phim: PH002
[15/12/2025 23:04:00] [ERROR] Khong tim thay phong chieu 19:00
[15/12/2025 23:04:00] [WARN] Khong tim thay phim: PH003
[15/12/2025 23:04:00] [ERROR] Khong tim thay phong chieu 19:00
[15/12/2025 23:04:00] [WARN] Khong tim thay phim: PH001
[15/12/2025 23:04:00] [ERROR] Khong tim thay phong chieu 08:00
[15/12/2025 23:04:00] [WARN] Khong tim thay phim: PH002
[15/12/2025 23:04:00] [ERROR] Khong tim thay phong chieu 14:00
[15/12/2025 23:04:00] [WARN] Khong tim thay phim: PH001
[15/12/2025 23:04:00] [ERROR] Khong tim thay phong chieu 19:00
[15/12/2025 23:04:00] [WARN] Khong tim thay phim: PH001
[15/12/2025 23:04:00] [ERROR] Khong tim thay phong chieu 08:00
[15/12/2025 23:04:00] [WARN] Khong tim thay phim: PH001
[15/12/2025 23:04:00] [ERROR] Khong tim thay phong chieu 14:00
[15/12/2025 23:04:00] [WARN] Khong tim thay phim: PH003
[15/12/2025 23:04:00] [ERROR] Khong tim thay phong chieu 19:00
[15/12/2025 23:04:00] [WARN] Khong tim thay phim: PH001
[15/12/2025 23:04:00] [ERROR] Khong tim thay phong chieu 08:00
[15/12/2025 23:04:00] [WARN] Khong tim thay phim: PH002
[15/12/2025 23:04:00] [ERROR] Khong tim thay phong chieu 14:00
[15/12/2025 23:04:00] [WARN] Khong tim thay phim: PH002
[15/12/2025 23:04:00] [ERROR] Khong tim thay phong chieu 08:00
[15/12/2025 23:04:00] [WARN] Khong tim thay phim: PH003
[15/12/2025 23:04:00] [ERROR] Khong tim thay phong chieu 19:00
[15/12/2025 23:04:00] [WARN] Khong tim thay phim: PH002
[15/12/2025 23:04:00] [ERROR] Khong tim thay phong chieu 08:00
[15/12/2025 23:04:00] [WARN] Khong tim thay phim: PH002
[15/12/2025 23:04:00] [ERROR] Khong tim thay phong chieu 19:00
[15/12/2025 23:04:00] [WARN] Khong tim thay phim: PH001
[15/12/2025 23:04:00] [ERROR] Khong tim thay phong chieu 08:00
[15/12/2025 23:04:00] [WARN] Khong tim thay phim: PH001
[15/12/2025 23:04:00] [ERROR] Khong tim thay phong chieu 14:00
[15/12/2025 23:04:03] [INFO] Khach hang dang nhap: KH001 - Nguyen Xuan Ngoc Tran
[15/12/2025 23:04:07] [INFO] Hien thi danh sach phim
[15/12/2025 23:04:07] [INFO] Hien thi danh sach suat chieu hien tai
[15/12/2025 23:04:21] [WARN] Khach hang KH001 thu huy ve khong ton tai: 123
[15/12/2025 23:05:39] [INFO] Khach hang dang nhap: KH001 - Nguyen Xuan Ngoc Tran
[15/12/2025 23:05:44] [INFO] Phim dat nhieu nhat thang 11 la PBL2 voi 5 ve.
[15/12/2025 23:05:49] [INFO] Phim dat nhieu nhat thang 9 la Avengers: Endgame voi 5 ve.
[15/12/2025 23:05:51] [INFO] Phim dat nhieu nhat thang 9 la Avengers: Endgame voi 5 ve.
[15/12/2025 23:05:54] [INFO] Hien thi danh sach thong tin hoa don
[15/12/2025 23:06:13] [WARN] Khach hang KH001 khong the huy ve: MV001
[15/12/2025 23:06:43] [INFO] Nhan vien dang nhap: NV001 - Hoang Bao Nguyen
[15/12/2025 23:12:42] [INFO] Nhan vien dang nhap: NV001 - Hoang Bao Nguyen
[15/12/2025 23:13:01] [INFO] Khach hang dang nhap: KH001 - Nguyen Xuan Ngoc Tran
[15/12/2025 23:13:02] [INFO] Hien thi danh sach phim
[15/12/2025 23:13:04] [INFO] Tim thay suat chieu SC041 cua phim P010
[15/12/2025 23:13:08] [INFO] Khach KH001 da dat 1 ghe (D-1) cho phim P010 tai suat SC041.
[15/12/2025 23:36:21] [INFO] Nhan vien dang nhap: NV001 - Hoang Bao Nguyen
[15/12/2025 23:36:24] [INFO] Hien thi danh sach phong
[15/12/2025 23:36:24] [ERROR] Khong tim thay phong co ma 
[15/12/2025 23:49:46] [INFO] Nhan vien dang nhap: NV001 - Hoang Bao Nguyen
[15/12/2025 23:49:49] [INFO] Xem danh sach khach hang
[15/12/2025 23:49:49] [INFO] Xem danh sach nhan vien
